<?xml version="1.0" encoding="UTF-8"?>
<!-- Generated by org.testng.reporters.JUnitReportReporter -->
<testsuite hostname="INGBTCPIC6NB767" failures="0" tests="3" name="com.clarivate.task.apiautomation.tests.RestCountriesAPITest" time="5.400" errors="0" timestamp="2024-07-25T14:38:02 IST" skipped="0">
  <testcase classname="com.clarivate.task.apiautomation.tests.RestCountriesAPITest" name="getCountryByCode" time="2.714"/>
  <testcase classname="com.clarivate.task.apiautomation.tests.RestCountriesAPITest" name="validateCurrency" time="1.336"/>
  <testcase classname="com.clarivate.task.apiautomation.tests.RestCountriesAPITest" name="testGetCountryByName" time="1.350"/>
</testsuite> <!-- com.clarivate.task.apiautomation.tests.RestCountriesAPITest -->
