<?xml version="1.0" encoding="UTF-8"?>
<!-- Generated by org.testng.reporters.JUnitReportReporter -->
<testsuite hostname="INGBTCPIC6NB767" failures="0" tests="2" name="com.clarivate.task.frontendautomation.runner.TestRunner" time="34.105" errors="0" timestamp="2024-07-25T14:43:09 IST" skipped="0">
  <testcase classname="com.clarivate.task.frontendautomation.runner.TestRunner" name="runScenario" time="9.141"/>
  <testcase classname="com.clarivate.task.frontendautomation.runner.TestRunner" name="runScenario" time="24.964"/>
</testsuite> <!-- com.clarivate.task.frontendautomation.runner.TestRunner -->
