<?xml version="1.0" encoding="UTF-8"?>
<!-- Generated by org.testng.reporters.JUnitReportReporter -->
<testsuite hostname="INGBTCPIC6NB767" failures="0" tests="1" name="com.clarivate.task.frontendautomation.runner.TestRunner" time="26.398" errors="0" timestamp="2024-07-22T22:51:50 IST" skipped="0">
  <testcase classname="com.clarivate.task.frontendautomation.runner.TestRunner" name="runScenario" time="26.398"/>
</testsuite> <!-- com.clarivate.task.frontendautomation.runner.TestRunner -->
